\BOOKMARK [1][-]{section.1}{\376\377\165\065\170\301\163\260\214\141\166\204\146\156\220\115\211\304\137\213}{}% 1
\BOOKMARK [2][-]{subsection.1.1}{\376\377\236\246\121\113\145\257\227\346\145\271\172\013\176\304\124\214\124\150\126\364\121\154\137\017}{section.1}% 2
\BOOKMARK [2][-]{subsection.1.2}{\376\377\116\313\215\050\166\204\165\065\170\301\162\171\133\232}{section.1}% 3
\BOOKMARK [2][-]{subsection.1.3}{\376\377\165\065\170\301\127\072\217\271\120\074\121\163\174\373}{section.1}% 4
\BOOKMARK [2][-]{subsection.1.4}{\376\377\165\065\170\301\127\072\166\204\200\375\221\317\124\214\200\375\155\101}{section.1}% 5
\BOOKMARK [3][-]{subsubsection.1.4.1}{\376\377\200\375\221\317\133\210\140\122}{subsection.1.4}% 6
\BOOKMARK [3][-]{subsubsection.1.4.2}{\376\377\165\065\170\301\127\072\200\375\221\317\133\306\136\246\124\214\200\375\155\101\133\306\136\246}{subsection.1.4}% 7
\BOOKMARK [1][-]{section.2}{\376\377\227\131\165\065\127\072}{}% 8
\BOOKMARK [2][-]{subsection.2.1}{\376\377\227\131\165\065\127\072\127\372\147\054\140\305\121\265}{section.2}% 9
\BOOKMARK [2][-]{subsection.2.2}{\376\377\125\057\116\000\140\047\133\232\164\006}{section.2}% 10
\BOOKMARK [2][-]{subsection.2.3}{\376\377\142\311\146\156\142\311\145\257\145\271\172\013\116\016\122\006\171\273\123\330\221\317\154\325}{section.2}% 11
\BOOKMARK [2][-]{subsection.2.4}{\376\377\225\134\120\317\154\325}{section.2}% 12
\BOOKMARK [2][-]{subsection.2.5}{\376\377\150\074\147\227\121\375\145\160}{section.2}% 13
\BOOKMARK [3][-]{subsubsection.2.5.1}{\376\377\121\340\171\315\136\070\165\050\166\204\150\074\147\227\121\375\145\160}{subsection.2.5}% 14
\BOOKMARK [3][-]{subsubsection.2.5.2}{\376\377\150\074\147\227\121\154\137\017\116\016\217\271\120\074\225\356\230\230\166\204\211\343}{subsection.2.5}% 15
\BOOKMARK [2][-]{subsection.2.6}{\376\377\165\065\131\032\147\201\167\351}{section.2}% 16
\BOOKMARK [3][-]{subsubsection.2.6.1}{\376\377\165\065\122\277\166\204\131\032\176\247\134\125\137\000}{subsection.2.6}% 17
\BOOKMARK [3][-]{subsubsection.2.6.2}{\376\377\165\065\131\032\147\201\167\351}{subsection.2.6}% 18
\BOOKMARK [3][-]{subsubsection.2.6.3}{\376\377\165\065\203\167\117\123\174\373\127\050\131\026\165\065\127\072\116\055\166\204\200\375\221\317}{subsection.2.6}% 19
\BOOKMARK [1][-]{section.3}{\376\377\227\131\170\301\127\072}{}% 20
\BOOKMARK [2][-]{subsection.3.1}{\376\377\167\342\122\277}{section.3}% 21
\BOOKMARK [3][-]{subsubsection.3.1.1}{\376\377\137\256\122\006\145\271\172\013}{subsection.3.1}% 22
\BOOKMARK [3][-]{subsubsection.3.1.2}{\376\377\167\342\122\277\217\271\120\074\121\163\174\373}{subsection.3.1}% 23
\BOOKMARK [3][-]{subsubsection.3.1.3}{\376\377\227\131\170\301\127\072\200\375\221\317}{subsection.3.1}% 24
\BOOKMARK [2][-]{subsection.3.2}{\376\377\170\301\150\007\122\277}{section.3}% 25
\BOOKMARK [2][-]{subsection.3.3}{\376\377\170\301\131\032\147\201\215\335}{section.3}% 26
\BOOKMARK [3][-]{subsubsection.3.3.1}{\376\377\167\342\122\277\166\204\131\032\176\247\134\125\137\000}{subsection.3.3}% 27
\BOOKMARK [3][-]{subsubsection.3.3.2}{\376\377\170\301\120\166\147\201\167\351\166\204\127\072}{subsection.3.3}% 28
\BOOKMARK [3][-]{subsubsection.3.3.3}{\376\377\134\017\123\072\127\337\121\205\165\065\155\101\122\006\136\003\127\050\131\026\170\301\127\072\116\055\166\204\200\375\221\317}{subsection.3.3}% 29
\BOOKMARK [1][-]{section.4}{\376\377\165\065\170\301\154\342\166\204\117\040\144\255}{}% 30
\BOOKMARK [2][-]{subsection.4.1}{\376\377\136\163\227\142\165\065\170\301\154\342}{section.4}% 31
\BOOKMARK [3][-]{subsubsection.4.1.1}{\376\377\145\366\214\020\165\065\170\301\154\342}{subsection.4.1}% 32
\BOOKMARK [3][-]{subsubsection.4.1.2}{\376\377\136\163\227\142\165\065\170\301\154\342}{subsection.4.1}% 33
\BOOKMARK [3][-]{subsubsection.4.1.3}{\376\377\200\375\221\317\124\214\200\375\155\101}{subsection.4.1}% 34
\BOOKMARK [2][-]{subsection.4.2}{\376\377\165\065\170\301\154\342\166\204\123\315\134\004\124\214\142\230\134\004}{section.4}% 35
\BOOKMARK [3][-]{subsubsection.4.2.1}{\376\377\145\271\124\021\121\163\174\373}{subsection.4.2}% 36
\BOOKMARK [3][-]{subsubsection.4.2.2}{\376\377\136\105\120\074\121\163\174\373\040\024\040\024\203\362\155\205\200\063\121\154\137\017}{subsection.4.2}% 37
\BOOKMARK [3][-]{subsubsection.4.2.3}{\376\377\121\150\123\315\134\004}{subsection.4.2}% 38
\BOOKMARK [2][-]{subsection.4.3}{\376\377\133\374\117\123\133\130\127\050\145\366\165\065\170\301\154\342\166\204\117\040\144\255}{section.4}% 39
\BOOKMARK [3][-]{subsubsection.4.3.1}{\376\377\133\374\117\123\121\205\166\204\201\352\165\061\165\065\203\167\122\006\136\003}{subsection.4.3}% 40
\BOOKMARK [3][-]{subsubsection.4.3.2}{\376\377\133\374\117\123\121\205\165\065\170\301\154\342}{subsection.4.3}% 41
\BOOKMARK [3][-]{subsubsection.4.3.3}{\376\377\215\213\200\244\145\110\136\224\124\214\172\177\220\017\155\361\136\246}{subsection.4.3}% 42
\BOOKMARK [3][-]{subsubsection.4.3.4}{\376\377\133\374\117\123\210\150\227\142\116\012\166\204\123\315\134\004}{subsection.4.3}% 43
\BOOKMARK [2][-]{subsection.4.4}{\376\377\214\020\143\057\201\124}{section.4}% 44
\BOOKMARK [3][-]{subsubsection.4.4.1}{\376\377\164\006\140\363\133\374\117\123\217\271\165\114\147\141\116\366}{subsection.4.4}% 45
\BOOKMARK [3][-]{subsubsection.4.4.2}{\376\377\214\020\143\057\201\124}{subsection.4.4}% 46
\BOOKMARK [2][-]{subsection.4.5}{\376\377\154\342\133\374}{section.4}% 47
\BOOKMARK [3][-]{subsubsection.4.5.1}{\376\377\232\330\230\221\165\065\170\301\200\375\221\317\166\204\117\040\217\223}{subsection.4.5}% 48
\BOOKMARK [3][-]{subsubsection.4.5.2}{\376\377\167\351\137\142\154\342\133\374\116\055\166\204\165\065\170\301\154\342}{subsection.4.5}% 49
\BOOKMARK [3][-]{subsubsection.4.5.3}{\376\377\142\052\153\142\230\221\163\207}{subsection.4.5}% 50
\BOOKMARK [3][-]{subsubsection.4.5.4}{\376\377\000L\000g\154\342\166\204\165\065\170\301\127\072\124\214\173\241\130\301\165\065\155\101}{subsection.4.5}% 51
\BOOKMARK [1][-]{section.5}{\376\377\165\065\170\301\154\342\166\204\217\220\134\004}{}% 52
\BOOKMARK [2][-]{subsection.5.1}{\376\377\165\065\170\301\127\072\166\204\167\342\122\277\124\214\150\007\122\277}{section.5}% 53
\BOOKMARK [3][-]{subsubsection.5.1.1}{\376\377\211\304\203\003\123\330\143\142\124\214\211\304\203\003\116\015\123\330\140\047}{subsection.5.1}% 54
\BOOKMARK [3][-]{subsubsection.5.1.2}{\376\377\217\276\147\027\215\035\134\024\145\271\172\013}{subsection.5.1}% 55
\BOOKMARK [2][-]{subsection.5.2}{\376\377\143\250\217\337\122\277}{section.5}% 56
\BOOKMARK [2][-]{subsection.5.3}{\376\377\165\065\120\166\147\201\217\220\134\004}{section.5}% 57
\BOOKMARK [3][-]{subsubsection.5.3.1}{\376\377\213\241\173\227\217\220\134\004\127\072\166\204\116\000\202\054\121\154\137\017}{subsection.5.3}% 58
\BOOKMARK [3][-]{subsubsection.5.3.2}{\376\377\167\342\122\277\166\204\134\125\137\000\137\017}{subsection.5.3}% 59
\BOOKMARK [3][-]{subsubsection.5.3.3}{\376\377\120\166\176\247\217\220\134\004}{subsection.5.3}% 60
\BOOKMARK [3][-]{subsubsection.5.3.4}{\376\377\217\220\134\004\200\375\155\101\377\014\211\322\122\006\136\003\124\214\217\220\134\004\122\237\163\207}{subsection.5.3}% 61
\BOOKMARK [3][-]{subsubsection.5.3.5}{\376\377\167\355\131\051\176\277\166\204\217\220\134\004}{subsection.5.3}% 62
\BOOKMARK [2][-]{subsection.5.4}{\376\377\170\301\120\166\176\247\217\220\134\004\124\214\165\065\126\333\176\247\217\220\134\004}{section.5}% 63
\BOOKMARK [3][-]{subsubsection.5.4.1}{\376\377\232\330\230\221\165\065\155\101\122\006\136\003\166\204\170\301\120\166\147\201\167\351\124\214\165\065\126\333\147\201\167\351}{subsection.5.4}% 64
\BOOKMARK [3][-]{subsubsection.5.4.2}{\376\377\170\301\120\166\176\247\217\220\134\004}{subsection.5.4}% 65
\BOOKMARK [3][-]{subsubsection.5.4.3}{\376\377\165\065\126\333\176\247\217\220\134\004}{subsection.5.4}% 66
\BOOKMARK [2][-]{subsection.5.5}{\376\377\131\051\176\277\217\220\134\004}{section.5}% 67
\BOOKMARK [3][-]{subsubsection.5.5.1}{\376\377\131\051\176\277\116\012\166\204\165\065\155\101\122\006\136\003}{subsection.5.5}% 68
\BOOKMARK [3][-]{subsubsection.5.5.2}{\376\377\123\112\154\342\131\051\176\277}{subsection.5.5}% 69
\BOOKMARK [3][-]{subsubsection.5.5.3}{\376\377\131\051\176\277\226\065}{subsection.5.5}% 70
\BOOKMARK [2][-]{subsection.5.6}{\376\377\165\065\170\301\154\342\166\204\210\115\134\004}{section.5}% 71
\BOOKMARK [3][-]{subsubsection.5.6.1}{\376\377\116\316\165\065\122\250\122\233\133\146\127\372\147\054\123\237\164\006\121\372\123\321\143\250\133\374\140\340\146\364\145\257\123\237\164\006}{subsection.5.6}% 72
\BOOKMARK [3][-]{subsubsection.5.6.2}{\376\377\134\017\133\124\210\115\134\004}{subsection.5.6}% 73
\BOOKMARK [2][-]{subsection.5.7}{\376\377\165\065\170\301\127\072\166\204\122\250\221\317}{section.5}% 74
\BOOKMARK [3][-]{subsubsection.5.7.1}{\376\377\165\065\170\301\127\072\166\204\122\250\221\317\133\306\136\246\124\214\122\250\221\317\155\101\133\306\136\246}{subsection.5.7}% 75
\BOOKMARK [3][-]{subsubsection.5.7.2}{\376\377\217\220\134\004\123\213\122\233}{subsection.5.7}% 76
\BOOKMARK [1][-]{section.6}{\376\377\162\355\116\111\166\370\133\371\213\272}{}% 77
\BOOKMARK [2][-]{subsection.6.1}{\376\377\166\370\133\371\213\272\127\372\147\054\123\237\164\006\124\214\155\033\117\046\121\171\123\330\143\142}{section.6}% 78
\BOOKMARK [3][-]{subsubsection.6.1.1}{\376\377\166\370\133\371\213\272\127\372\147\054\123\237\164\006}{subsection.6.1}% 79
\BOOKMARK [3][-]{subsubsection.6.1.2}{\376\377\225\364\226\224\116\015\123\330\140\047}{subsection.6.1}% 80
\BOOKMARK [3][-]{subsubsection.6.1.3}{\376\377\155\033\117\046\121\171\123\330\143\142}{subsection.6.1}% 81
\BOOKMARK [2][-]{subsection.6.2}{\376\377\166\370\133\371\213\272\166\204\145\366\172\172\164\006\213\272}{section.6}% 82
\BOOKMARK [3][-]{subsubsection.6.2.1}{\376\377\166\370\133\371\213\272\166\204\145\366\172\172\176\323\147\204}{subsection.6.2}% 83
\BOOKMARK [3][-]{subsubsection.6.2.2}{\376\377\124\014\145\366\166\370\133\371\140\047}{subsection.6.2}% 84
\BOOKMARK [3][-]{subsubsection.6.2.3}{\376\377\217\320\122\250\145\366\225\364\166\204\136\366\177\023}{subsection.6.2}% 85
\BOOKMARK [3][-]{subsubsection.6.2.4}{\376\377\217\320\122\250\134\072\136\246\177\051\167\355}{subsection.6.2}% 86
\BOOKMARK [3][-]{subsubsection.6.2.5}{\376\377\220\037\136\246\123\330\143\142\121\154\137\017}{subsection.6.2}% 87
\BOOKMARK [2][-]{subsection.6.3}{\376\377\166\370\133\371\213\272\164\006\213\272\166\204\126\333\176\364\137\142\137\017}{section.6}% 88
\BOOKMARK [3][-]{subsubsection.6.3.1}{\376\377\162\151\164\006\221\317\143\011\172\172\225\364\123\330\143\142\140\047\215\050\166\204\122\006\174\173}{subsection.6.3}% 89
\BOOKMARK [3][-]{subsubsection.6.3.2}{\376\377\155\033\117\046\121\171\123\330\143\142\166\204\140\035\176\364\137\142\137\017}{subsection.6.3}% 90
\BOOKMARK [3][-]{subsubsection.6.3.3}{\376\377\126\333\176\364\123\117\123\330\221\317}{subsection.6.3}% 91
\BOOKMARK [3][-]{subsubsection.6.3.4}{\376\377\162\151\164\006\211\304\137\213\166\204\123\117\123\330\140\047}{subsection.6.3}% 92
\BOOKMARK [2][-]{subsection.6.4}{\376\377\165\065\122\250\122\233\133\146\166\204\166\370\133\371\213\272\116\015\123\330\140\047}{section.6}% 93
\BOOKMARK [3][-]{subsubsection.6.4.1}{\376\377\126\333\176\364\165\065\155\101\133\306\136\246\167\342\221\317}{subsection.6.4}% 94
\BOOKMARK [3][-]{subsubsection.6.4.2}{\376\377\126\333\176\364\122\277\167\342\221\317}{subsection.6.4}% 95
\BOOKMARK [3][-]{subsubsection.6.4.3}{\376\377\165\065\170\301\127\072\137\040\221\317}{subsection.6.4}% 96
\BOOKMARK [3][-]{subsubsection.6.4.4}{\376\377\165\065\170\301\127\072\166\204\116\015\123\330\221\317}{subsection.6.4}% 97
\BOOKMARK [2][-]{subsection.6.5}{\376\377\166\370\133\371\213\272\122\233\133\146}{section.6}% 98
\BOOKMARK [2][-]{subsection.6.6}{\376\377\116\316\117\134\165\050\221\317\121\372\123\321\116\062\200\124\215\167\166\370\133\371\213\272\165\065\122\250\122\233\133\146}{section.6}% 99
\BOOKMARK [3][-]{subsubsection.6.6.1}{\376\377\117\134\165\050\221\317}{subsection.6.6}% 100
\BOOKMARK [3][-]{subsubsection.6.6.2}{\376\377\133\371\171\360\140\047}{subsection.6.6}% 101
\BOOKMARK [3][-]{subsubsection.6.6.3}{\376\377\122\250\221\317\155\101\133\306\136\246\137\040\221\317}{subsection.6.6}% 102
