\BOOKMARK [1][-]{section.1}{\376\377\137\025\212\000}{}% 1
\BOOKMARK [2][-]{subsection.1.1}{\376\377\116\015\220\017\146\016\226\234\170\215\162\151}{section.1}% 2
\BOOKMARK [2][-]{subsection.1.2}{\376\377\131\053\164\005\171\276\215\071\210\115\134\004\124\214\203\362\155\205\200\063\210\115\134\004}{section.1}% 3
\BOOKMARK [2][-]{subsection.1.3}{\376\377\152\041\127\213\377\032\121\340\116\052\166\370\136\162\143\057\133\120}{section.1}% 4
\BOOKMARK [1][-]{section.2}{\376\377\131\053\164\005\171\276\215\071\210\115\134\004}{}% 5
\BOOKMARK [2][-]{subsection.2.1}{\376\377\123\125\177\035}{section.2}% 6
\BOOKMARK [2][-]{subsection.2.2}{\376\377\123\314\177\035}{section.2}% 7
\BOOKMARK [2][-]{subsection.2.3}{\376\377\131\032\177\035\210\115\134\004}{section.2}% 8
\BOOKMARK [2][-]{subsection.2.4}{\376\377\167\351\137\142\133\124}{section.2}% 9
\BOOKMARK [2][-]{subsection.2.5}{\376\377\127\006\133\124}{section.2}% 10
\BOOKMARK [2][-]{subsection.2.6}{\376\377\142\020\120\317\174\373\176\337\166\204\122\006\217\250\163\207}{section.2}% 11
\BOOKMARK [2][-]{subsection.2.7}{\376\377\210\115\134\004\121\111\150\005}{section.2}% 12
\BOOKMARK [2][-]{subsection.2.8}{\376\377\121\111\150\005\121\111\214\061\133\146}{section.2}% 13
\BOOKMARK [1][-]{section.3}{\376\377\203\362\155\205\200\063\210\115\134\004}{}% 14
\BOOKMARK [2][-]{subsection.3.1}{\376\377\203\362\155\205\200\063\154\342\136\046\154\325}{section.3}% 15
\BOOKMARK [2][-]{subsection.3.2}{\376\377\127\006\133\124\124\214\127\006\134\117\166\204\210\115\134\004\126\376\150\067}{section.3}% 16
\BOOKMARK [3][-]{subsubsection.3.2.1}{\376\377\127\006\133\124\210\115\134\004}{subsection.3.2}% 17
\BOOKMARK [3][-]{subsubsection.3.2.2}{\376\377\127\006\134\117\210\115\134\004}{subsection.3.2}% 18
\BOOKMARK [2][-]{subsection.3.3}{\376\377\203\362\155\205\200\063\171\357\122\006}{section.3}% 19
\BOOKMARK [3][-]{subsubsection.3.3.1}{\376\377\166\364\217\271\166\204\203\362\155\205\200\063\210\115\134\004}{subsection.3.3}% 20
\BOOKMARK [2][-]{subsection.3.4}{\376\377\123\112\136\163\227\142\134\117\060\001\123\125\177\035\124\214\215\335\133\124\203\362\155\205\200\063\210\115\134\004}{section.3}% 21
