\BOOKMARK [1][-]{section.1}{\376\377\173\054\116\000\123\237\164\006}{}% 1
\BOOKMARK [2][-]{subsection.1.1}{\376\377\236\246\121\113\145\257\227\346\145\271\172\013\176\304}{section.1}% 2
\BOOKMARK [2][-]{subsection.1.2}{\376\377\162\151\215\050\145\271\172\013}{section.1}% 3
\BOOKMARK [1][-]{section.2}{\376\377\121\111\166\204\154\342\122\250\140\047}{}% 4
\BOOKMARK [1][-]{section.3}{\376\377\165\065\170\301\154\342\166\204\173\200\123\125\211\343}{}% 5
\BOOKMARK [2][-]{subsection.3.1}{\376\377\136\163\227\142\154\342}{section.3}% 6
\BOOKMARK [3][-]{subsubsection.3.1.1}{\376\377\136\163\227\142\165\065\170\301\154\342\166\204\140\047\215\050}{subsection.3.1}% 7
\BOOKMARK [2][-]{subsection.3.2}{\376\377\164\003\227\142\154\342\124\214\147\361\227\142\154\342}{section.3}% 8
\BOOKMARK [1][-]{section.4}{\376\377\121\111\166\204\116\247\165\037\124\214\117\040\144\255}{}% 9
\BOOKMARK [2][-]{subsection.4.1}{\376\377\121\111\217\220\134\004\166\204\176\317\121\170\152\041\127\213}{section.4}% 10
\BOOKMARK [2][-]{subsection.4.2}{\376\377\217\220\134\004\200\375}{section.4}% 11
\BOOKMARK [2][-]{subsection.4.3}{\376\377\165\065\170\301\127\072\166\204\217\271\120\074\121\163\174\373}{section.4}% 12
\BOOKMARK [2][-]{subsection.4.4}{\376\377\123\315\134\004\133\232\137\213\124\214\142\230\134\004\133\232\137\213}{section.4}% 13
\BOOKMARK [2][-]{subsection.4.5}{\376\377\203\362\155\205\200\063\121\154\137\017}{section.4}% 14
\BOOKMARK [3][-]{subsubsection.4.5.1}{\376\377\000s\154\342\166\204\123\315\134\004\174\373\145\160\124\214\220\017\134\004\174\373\145\160}{subsection.4.5}% 15
\BOOKMARK [3][-]{subsubsection.4.5.2}{\376\377\000p\154\342\166\204\123\315\134\004\174\373\145\160\124\214\220\017\134\004\174\373\145\160}{subsection.4.5}% 16
\BOOKMARK [3][-]{subsubsection.4.5.3}{\376\377\116\044\171\315\140\305\121\265\166\204\203\362\155\205\200\063\121\154\137\017\213\250\213\272}{subsection.4.5}% 17
\BOOKMARK [2][-]{subsection.4.6}{\376\377\123\315\134\004\163\207\124\214\220\017\134\004\163\207}{section.4}% 18
\BOOKMARK [2][-]{subsection.4.7}{\376\377\123\315\134\004\124\214\142\230\134\004\116\247\165\037\166\204\120\117\143\057}{section.4}% 19
\BOOKMARK [2][-]{subsection.4.8}{\376\377\121\111\166\204\124\070\145\066\060\001\202\162\145\143\124\214\145\143\134\004}{section.4}% 20
\BOOKMARK [3][-]{subsubsection.4.8.1}{\376\377\124\070\145\066\133\232\137\213}{subsection.4.8}% 21
\BOOKMARK [3][-]{subsubsection.4.8.2}{\376\377\124\070\145\066\166\204\154\342\225\177\220\011\142\351\140\047}{subsection.4.8}% 22
\BOOKMARK [3][-]{subsubsection.4.8.3}{\376\377\121\111\166\204\202\162\145\143}{subsection.4.8}% 23
\BOOKMARK [3][-]{subsubsection.4.8.4}{\376\377\202\162\145\143\166\204\176\317\121\170\164\006\213\272}{subsection.4.8}% 24
\BOOKMARK [2][-]{subsection.4.9}{\376\377\121\111\166\204\145\143\134\004}{section.4}% 25
\BOOKMARK [3][-]{subsubsection.4.9.1}{\376\377\145\143\134\004\174\173\127\213\124\214\147\145\156\220}{subsection.4.9}% 26
\BOOKMARK [3][-]{subsubsection.4.9.2}{\376\377\145\143\134\004\211\304\137\213}{subsection.4.9}% 27
