\BOOKMARK [1][-]{section.1}{\376\377\133\236\226\105\121\111\154\342\166\204\136\162\155\211\123\312\133\236\232\214\145\271\154\325}{}% 1
\BOOKMARK [2][-]{subsection.1.1}{\376\377\116\000\202\054\140\305\121\265}{section.1}% 2
\BOOKMARK [2][-]{subsection.1.2}{\376\377\123\321\165\037\136\162\155\211\166\204\147\141\116\366}{section.1}% 3
\BOOKMARK [2][-]{subsection.1.3}{\376\377\121\111\154\342\122\006\171\273\145\271\154\325}{section.1}% 4
\BOOKMARK [1][-]{section.2}{\376\377\147\150\154\017\136\162\155\211\133\236\232\214}{}% 5
\BOOKMARK [1][-]{section.3}{\376\377\147\141\176\271\166\204\123\357\211\301\136\246}{}% 6
\BOOKMARK [2][-]{subsection.3.1}{\376\377\116\044\166\370\136\162\121\111\154\342\137\072\136\246\116\015\173\111\166\204\137\161\124\315}{section.3}% 7
\BOOKMARK [2][-]{subsection.3.2}{\376\377\121\111\156\220\131\047\134\017\166\204\137\161\124\315}{section.3}% 8
\BOOKMARK [2][-]{subsection.3.3}{\376\377\121\111\156\220\123\125\202\162\140\047\166\204\137\161\124\315}{section.3}% 9
\BOOKMARK [1][-]{section.4}{\376\377\136\163\210\114\136\163\147\177\116\247\165\037\166\204\136\162\155\211}{}% 10
\BOOKMARK [2][-]{subsection.4.1}{\376\377\147\141\176\271\166\204\133\232\127\337}{section.4}% 11
\BOOKMARK [2][-]{subsection.4.2}{\376\377\173\111\120\076\147\141\176\271}{section.4}% 12
\BOOKMARK [2][-]{subsection.4.3}{\376\377\127\006\137\142\133\232\127\337\147\141\176\271}{section.4}% 13
\BOOKMARK [2][-]{subsection.4.4}{\376\377\220\017\134\004\121\111\147\141\176\271}{section.4}% 14
\BOOKMARK [1][-]{section.5}{\376\377\151\124\137\142\136\163\147\177\116\247\165\037\166\204\136\162\155\211}{}% 15
\BOOKMARK [2][-]{subsection.5.1}{\376\377\133\232\127\337\227\142\166\204\117\115\177\156\123\312\133\232\127\337\155\361\136\246}{section.5}% 16
\BOOKMARK [2][-]{subsection.5.2}{\376\377\151\124\137\142\136\163\147\177\116\247\165\037\166\204\173\111\123\232\147\141\176\271}{section.5}% 17
\BOOKMARK [2][-]{subsection.5.3}{\376\377\173\111\123\232\147\141\176\271\166\204\136\224\165\050}{section.5}% 18
\BOOKMARK [1][-]{section.6}{\376\377\165\050\162\133\230\177\163\257\155\113\221\317\220\017\225\134\166\204\146\362\163\207\123\112\137\204}{}% 19
\BOOKMARK [2][-]{subsection.6.1}{\376\377\155\113\221\317\123\237\164\006}{section.6}% 20
\BOOKMARK [1][-]{section.7}{\376\377\136\163\227\142\136\163\210\114\147\177\166\204\131\032\121\111\147\137\136\162\155\211}{}% 21
\BOOKMARK [2][-]{subsection.7.1}{\376\377\136\162\155\211\127\072\166\204\137\072\136\246\121\154\137\017}{section.7}% 22
\BOOKMARK [2][-]{subsection.7.2}{\376\377\136\162\155\211\126\376\150\067\166\204\162\171\160\271}{section.7}% 23
\BOOKMARK [2][-]{subsection.7.3}{\376\377\136\162\155\211\147\141\176\271\166\204\225\020\136\246}{section.7}% 24
\BOOKMARK [1][-]{section.8}{\376\377\154\325\136\003\221\314\000-\163\300\177\127\136\162\155\211\116\352\124\214\226\106\147\053\000-\166\326\134\024\121\113\147\177}{}% 25
\BOOKMARK [2][-]{subsection.8.1}{\376\377\000F\000-\000P\136\162\155\211\116\352}{section.8}% 26
\BOOKMARK [2][-]{subsection.8.2}{\376\377\226\106\147\053\000-\166\326\134\024\121\113\147\177}{section.8}% 27
