\BOOKMARK [1][-]{section.1}{\376\377\120\117\143\057\137\142\137\017}{}% 1
\BOOKMARK [2][-]{subsection.1.1}{\376\377\226\217\147\072\120\117\143\057}{section.1}% 2
\BOOKMARK [2][-]{subsection.1.2}{\376\377\151\055\127\006\120\117\143\057}{section.1}% 3
\BOOKMARK [1][-]{section.2}{\376\377\215\167\120\117\126\150}{}% 4
\BOOKMARK [2][-]{subsection.2.1}{\376\377\163\273\164\203\122\006\121\111\225\134}{section.2}% 5
\BOOKMARK [2][-]{subsection.2.2}{\376\377\122\051\165\050\116\214\124\021\202\162\140\047\122\066\142\020\166\204\120\117\143\057\162\107}{section.2}% 6
\BOOKMARK [2][-]{subsection.2.3}{\376\377\232\154\124\025\145\257\133\232\137\213}{section.2}% 7
\BOOKMARK [1][-]{section.3}{\376\377\146\166\117\123\166\204\123\314\142\230\134\004}{}% 8
\BOOKMARK [2][-]{subsection.3.1}{\376\377\000o\121\111\124\214\000e\121\111}{section.3}% 9
\BOOKMARK [2][-]{subsection.3.2}{\376\377\146\166\117\123\121\111\217\164}{section.3}% 10
\BOOKMARK [2][-]{subsection.3.3}{\376\377\116\073\136\163\227\142\124\214\116\073\142\052\227\142}{section.3}% 11
\BOOKMARK [1][-]{section.4}{\376\377\123\314\142\230\134\004\166\204\165\065\170\301\164\006\213\272\377\010\125\057\214\141\377\011}{}% 12
\BOOKMARK [2][-]{subsection.4.1}{\376\377\000o\121\111\124\214\000e\121\111\166\204\117\040\144\255}{section.4}% 13
\BOOKMARK [1][-]{section.5}{\376\377\145\143\134\004\124\214\120\117\143\057}{}% 14
\BOOKMARK [2][-]{subsection.5.1}{\376\377\145\143\134\004}{section.5}% 15
\BOOKMARK [2][-]{subsection.5.2}{\376\377\145\143\134\004\137\025\215\167\166\204\120\117\143\057}{section.5}% 16
\BOOKMARK [1][-]{section.6}{\376\377\143\250\217\337\126\150}{}% 17
\BOOKMARK [2][-]{subsection.6.1}{\376\377\154\342\162\107}{section.6}% 18
\BOOKMARK [2][-]{subsection.6.2}{\376\377\210\145\120\177\126\150}{section.6}% 19
\BOOKMARK [1][-]{section.7}{\376\377\127\006\215\167\120\117\126\150}{}% 20
\BOOKMARK [1][-]{section.8}{\376\377\145\313\121\111\140\047\124\214\141\037\165\037\121\111\133\146\145\110\136\224\040\024\040\024\121\111\214\003\122\066\126\150}{}% 21
\BOOKMARK [2][-]{subsection.8.1}{\376\377\147\011\121\163\145\313\121\111\140\047\166\204\152\041\127\213\124\214\121\154\137\017}{section.8}% 22
\BOOKMARK [2][-]{subsection.8.2}{\376\377\141\037\165\037\121\111\133\146\145\110\136\224\040\024\040\024\121\111\214\003\122\066\126\150}{section.8}% 23
\BOOKMARK [1][-]{section.9}{\376\377\120\117\143\057\166\204\145\160\133\146\143\317\217\360}{}% 24
\BOOKMARK [2][-]{subsection.9.1}{\376\377\145\257\142\130\121\113\145\257\123\302\221\317}{section.9}% 25
\BOOKMARK [2][-]{subsection.9.2}{\376\377\164\074\145\257\167\342\221\317}{section.9}% 26
\BOOKMARK [2][-]{subsection.9.3}{\376\377\164\074\145\257\167\351\226\065\124\214\133\306\122\322\167\351\226\065}{section.9}% 27
