\BOOKMARK [1][-]{section.1}{\376\377\122\006\136\003\124\214\137\256\211\302\162\266\140\001}{}% 1
\BOOKMARK [2][-]{subsection.1.1}{\376\377\173\111\151\202\163\207\123\237\164\006}{section.1}% 2
\BOOKMARK [2][-]{subsection.1.2}{\376\377\122\006\136\003\124\214\137\256\211\302\162\266\140\001}{section.1}% 3
\BOOKMARK [2][-]{subsection.1.3}{\376\377\147\000\151\202\161\066\122\006\136\003}{section.1}% 4
\BOOKMARK [2][-]{subsection.1.4}{\376\377\201\352\165\061\174\222\133\120\166\204\221\317\133\120\140\001\145\160}{section.1}% 5
\BOOKMARK [1][-]{section.2}{\376\377\163\273\134\024\121\171\146\374\176\337\213\241}{}% 6
\BOOKMARK [2][-]{subsection.2.1}{\376\377\160\355\122\233\133\146\221\317\166\204\176\337\213\241\210\150\217\276\137\017}{section.2}% 7
\BOOKMARK [2][-]{subsection.2.2}{\376\377\164\006\140\363\154\024\117\123\166\204\162\151\140\001\145\271\172\013}{section.2}% 8
\BOOKMARK [2][-]{subsection.2.3}{\376\377\236\246\121\113\145\257\227\346\122\006\136\003\137\213}{section.2}% 9
\BOOKMARK [2][-]{subsection.2.4}{\376\377\200\375\221\317\127\107\122\006\133\232\164\006}{section.2}% 10
\BOOKMARK [2][-]{subsection.2.5}{\376\377\164\006\140\363\154\024\117\123\166\204\121\205\200\375\124\214\121\205\133\271}{section.2}% 11
\BOOKMARK [2][-]{subsection.2.6}{\376\377\164\006\140\363\154\024\117\123\166\204\161\265}{section.2}% 12
\BOOKMARK [2][-]{subsection.2.7}{\376\377\126\372\117\123\160\355\133\271\166\204\162\061\126\340\145\257\127\146\164\006\213\272}{section.2}% 13
\BOOKMARK [2][-]{subsection.2.8}{\376\377\230\172\170\301\140\047\126\372\117\123}{section.2}% 14
\BOOKMARK [2][-]{subsection.2.9}{\376\377\215\037\156\051\136\246\162\266\140\001}{section.2}% 15
\BOOKMARK [1][-]{section.3}{\376\377\163\273\202\162\176\337\213\241\124\214\215\071\174\163\176\337\213\241}{}% 16
\BOOKMARK [2][-]{subsection.3.1}{\376\377\160\355\122\233\133\146\221\317\166\204\176\337\213\241\210\150\217\276\137\017}{section.3}% 17
\BOOKMARK [2][-]{subsection.3.2}{\376\377\137\061\173\200\136\166\164\006\140\363\163\273\202\162\154\024\117\123\124\214\215\071\174\163\154\024\117\123}{section.3}% 18
\BOOKMARK [2][-]{subsection.3.3}{\376\377\163\273\202\162\000-\162\061\126\340\145\257\127\146\121\335\200\132}{section.3}% 19
\BOOKMARK [2][-]{subsection.3.4}{\376\377\121\111\133\120\154\024\117\123}{section.3}% 20
