\BOOKMARK [1][-]{section.1}{\376\377\160\355\122\233\133\146\166\204\127\372\147\054\211\304\137\213}{}% 1
\BOOKMARK [2][-]{subsection.1.1}{\376\377\136\163\210\141\162\266\140\001\124\214\156\051\136\246}{section.1}% 2
\BOOKMARK [2][-]{subsection.1.2}{\376\377\162\151\140\001\145\271\172\013}{section.1}% 3
\BOOKMARK [2][-]{subsection.1.3}{\376\377\122\237}{section.1}% 4
\BOOKMARK [2][-]{subsection.1.4}{\376\377\160\355\122\233\133\146\173\054\116\000\133\232\137\213}{section.1}% 5
\BOOKMARK [3][-]{subsubsection.1.4.1}{\376\377\160\355\133\271\124\214\161\023}{subsection.1.4}% 6
\BOOKMARK [3][-]{subsubsection.1.4.2}{\376\377\164\006\140\363\154\024\117\123\166\204\121\205\200\375}{subsection.1.4}% 7
\BOOKMARK [2][-]{subsection.1.5}{\376\377\160\355\122\233\133\146\173\054\116\214\133\232\137\213}{section.1}% 8
\BOOKMARK [3][-]{subsubsection.1.5.1}{\376\377\164\006\140\363\154\024\117\123\166\204\123\141\213\372\137\252\163\257}{subsection.1.5}% 9
\BOOKMARK [3][-]{subsubsection.1.5.2}{\376\377\123\141\213\372\133\232\164\006}{subsection.1.5}% 10
\BOOKMARK [3][-]{subsubsection.1.5.3}{\376\377\160\355\122\233\133\146\156\051\150\007}{subsection.1.5}% 11
\BOOKMARK [3][-]{subsubsection.1.5.4}{\376\377\121\113\122\263\117\356\145\257\116\015\173\111\137\017\124\214\161\265}{subsection.1.5}% 12
\BOOKMARK [3][-]{subsubsection.1.5.5}{\376\377\201\352\165\061\200\375\124\214\124\011\136\003\145\257\121\375\145\160}{subsection.1.5}% 13
\BOOKMARK [1][-]{section.2}{\376\377\127\107\123\000\162\151\215\050\166\204\160\355\122\233\133\146\140\047\215\050}{}% 14
\BOOKMARK [2][-]{subsection.2.1}{\376\377\236\246\121\113\145\257\227\346\121\163\174\373}{section.2}% 15
\BOOKMARK [2][-]{subsection.2.2}{\376\377\127\372\147\054\160\355\122\233\133\146\121\375\145\160\166\204\170\156\133\232}{section.2}% 16
\BOOKMARK [2][-]{subsection.2.3}{\376\377\221\315\211\201\160\355\122\233\133\146\174\373\176\337\116\076\117\213}{section.2}% 17
\BOOKMARK [3][-]{subsubsection.2.3.1}{\376\377\160\355\217\220\134\004\174\373\176\337}{subsection.2.3}% 18
\BOOKMARK [2][-]{subsection.2.4}{\376\377\170\301\116\313\215\050\166\204\160\355\122\233\133\146}{section.2}% 19
\BOOKMARK [3][-]{subsubsection.2.4.1}{\376\377\137\375\165\145\170\301\116\313\215\050\166\204\117\123\171\357\123\330\123\026}{subsection.2.4}% 20
\BOOKMARK [3][-]{subsubsection.2.4.2}{\376\377\200\003\206\121\170\301\116\313\215\050\143\320\123\312\166\204\123\330\123\026}{subsection.2.4}% 21
\BOOKMARK [1][-]{section.3}{\376\377\123\125\121\103\174\373\166\204\166\370\123\330}{}% 22
\BOOKMARK [2][-]{subsection.3.1}{\376\377\160\355\122\250\136\163\210\141\122\044\143\156}{section.3}% 23
\BOOKMARK [3][-]{subsubsection.3.1.1}{\376\377\161\265\136\163\210\141\122\044\143\156}{subsection.3.1}% 24
\BOOKMARK [3][-]{subsubsection.3.1.2}{\376\377\201\352\165\061\200\375\124\214\124\011\136\003\145\257\121\375\145\160\122\044\143\156}{subsection.3.1}% 25
\BOOKMARK [3][-]{subsubsection.3.1.3}{\376\377\160\355\122\250\136\163\210\141\122\044\143\156\166\204\136\224\165\050}{subsection.3.1}% 26
\BOOKMARK [2][-]{subsection.3.2}{\376\377\137\000\174\373\166\204\160\355\122\233\133\146\127\372\147\054\145\271\172\013}{section.3}% 27
\BOOKMARK [2][-]{subsection.3.3}{\376\377\123\125\121\103\174\373\166\204\131\015\166\370\136\163\210\141\147\141\116\366}{section.3}% 28
\BOOKMARK [2][-]{subsection.3.4}{\376\377\123\125\121\103\131\015\166\370\174\373\166\204\136\163\210\141\140\047\215\050}{section.3}% 29
\BOOKMARK [2][-]{subsection.3.5}{\376\377\116\064\165\114\160\271\124\214\154\024\155\262\116\044\166\370\166\204\217\154\123\330}{section.3}% 30
\BOOKMARK [3][-]{subsubsection.3.5.1}{\376\377\116\345\116\214\154\047\123\026\170\263\116\072\117\213\122\006\147\220\154\024\155\262\217\154\123\330\166\204\162\171\140\047}{subsection.3.5}% 31
\BOOKMARK [3][-]{subsubsection.3.5.2}{\376\377\155\262\154\024\155\101\117\123\174\373\176\337\116\064\165\114\140\001\166\204\136\163\210\141\172\063\133\232\147\141\116\366}{subsection.3.5}% 32
\BOOKMARK [2][-]{subsection.3.6}{\376\377\155\262\156\364\166\204\137\142\142\020}{section.3}% 33
\BOOKMARK [3][-]{subsubsection.3.6.1}{\376\377\155\262\156\364\210\150\227\142\166\204\123\213\137\072\121\163\174\373}{subsection.3.6}% 34
\BOOKMARK [3][-]{subsubsection.3.6.2}{\376\377\217\307\231\161\124\214\204\270\154\024\166\204\137\142\142\020}{subsection.3.6}% 35
\BOOKMARK [3][-]{subsubsection.3.6.3}{\376\377\217\307\160\355\155\262\117\123\166\204\137\142\142\020}{subsection.3.6}% 36
\BOOKMARK [2][-]{subsection.3.7}{\376\377\166\370\123\330\166\204\122\006\174\173}{section.3}% 37
\BOOKMARK [2][-]{subsection.3.8}{\376\377\147\027\220\123\217\336\176\355\166\370\123\330\164\006\213\272}{section.3}% 38
\BOOKMARK [1][-]{section.4}{\376\377\131\032\121\103\174\373\166\204\131\015\166\370\136\163\210\141\124\214\123\026\133\146\136\163\210\141}{}% 39
\BOOKMARK [2][-]{subsection.4.1}{\376\377\131\032\121\103\174\373\166\204\160\355\122\233\133\146\121\375\145\160\124\214\160\355\122\233\133\146\145\271\172\013}{section.4}% 40
\BOOKMARK [2][-]{subsection.4.2}{\376\377\131\032\121\103\174\373\166\204\131\015\166\370\136\163\210\141\147\141\116\366}{section.4}% 41
\BOOKMARK [2][-]{subsection.4.3}{\376\377\124\011\136\003\145\257\166\370\137\213}{section.4}% 42
\BOOKMARK [2][-]{subsection.4.4}{\376\377\123\026\133\146\136\163\210\141\147\141\116\366}{section.4}% 43
\BOOKMARK [2][-]{subsection.4.5}{\376\377\155\367\124\010\164\006\140\363\154\024\117\123\166\204\140\047\215\050}{section.4}% 44
\BOOKMARK [2][-]{subsection.4.6}{\376\377\164\006\140\363\154\024\117\123\166\204\123\026\133\146\136\163\210\141}{section.4}% 45
\BOOKMARK [2][-]{subsection.4.7}{\376\377\160\355\122\233\133\146\173\054\116\011\133\232\137\213}{section.4}% 46
\BOOKMARK [1][-]{section.5}{\376\377\116\015\123\357\220\006\217\307\172\013\160\355\122\233\133\146\173\200\116\313}{}% 47
\BOOKMARK [2][-]{subsection.5.1}{\376\377\134\100\127\337\136\163\210\141\000\040\000\040\161\265\155\101\133\306\136\246\116\016\134\100\127\337\161\265\116\247\165\037\163\207}{section.5}% 48
