\BOOKMARK [1][-]{section.1}{\376\377\154\342\121\375\145\160}{}% 1
\BOOKMARK [2][-]{subsection.1.1}{\376\377\205\233\133\232\214\024\145\271\172\013}{section.1}% 2
\BOOKMARK [2][-]{subsection.1.2}{\376\377\154\342\121\375\145\160\166\204\176\337\213\241\213\340\221\312}{section.1}% 3
\BOOKMARK [2][-]{subsection.1.3}{\376\377\137\122\116\000\123\026}{section.1}% 4
\BOOKMARK [2][-]{subsection.1.4}{\376\377\122\250\221\317}{section.1}% 5
\BOOKMARK [1][-]{section.2}{\376\377\133\232\140\001\205\233\133\232\214\024\145\271\172\013}{}% 6
\BOOKMARK [2][-]{subsection.2.1}{\376\377\133\232\140\001}{section.2}% 7
\BOOKMARK [2][-]{subsection.2.2}{\376\377\116\000\176\364\145\340\226\120\145\271\122\277\226\061}{section.2}% 8
\BOOKMARK [2][-]{subsection.2.3}{\376\377\214\020\143\057\133\120}{section.2}% 9
\BOOKMARK [3][-]{subsubsection.2.3.1}{\376\377\116\343\145\160\154\325}{subsection.2.3}% 10
\BOOKMARK [3][-]{subsubsection.2.3.2}{\376\377\211\343\147\220\154\325}{subsection.2.3}% 11
\BOOKMARK [2][-]{subsection.2.4}{\376\377\201\352\165\061\174\222\133\120}{section.2}% 12
\BOOKMARK [2][-]{subsection.2.5}{\376\377\000L\000g\121\375\145\160\122\277}{section.2}% 13
\BOOKMARK [3][-]{subsubsection.2.5.1}{\376\377\147\137\177\032\140\001\124\214\145\143\134\004\140\001}{subsection.2.5}% 14
\BOOKMARK [3][-]{subsubsection.2.5.2}{\376\377\000L\000g\121\375\145\160\122\277\226\061}{subsection.2.5}% 15
\BOOKMARK [2][-]{subsection.2.6}{\376\377\147\011\226\120\155\361\145\271\122\277\226\061}{section.2}% 16
\BOOKMARK [1][-]{section.3}{\376\377\137\142\137\017\164\006\213\272}{}% 17
\BOOKMARK [2][-]{subsection.3.1}{\376\377\136\014\134\024\117\057\162\171\172\172\225\364}{section.3}% 18
\BOOKMARK [2][-]{subsection.3.2}{\376\377\123\357\211\302\155\113\221\317}{section.3}% 19
\BOOKMARK [3][-]{subsubsection.3.2.1}{\376\377\123\204\174\163\173\227\173\046}{subsection.3.2}% 20
\BOOKMARK [3][-]{subsubsection.3.2.2}{\376\377\133\232\120\074\140\001}{subsection.3.2}% 21
\BOOKMARK [2][-]{subsection.3.3}{\376\377\123\204\174\163\173\227\173\046\166\204\147\054\137\201\121\375\145\160}{section.3}% 22
\BOOKMARK [3][-]{subsubsection.3.3.1}{\376\377\122\006\172\313\214\061}{subsection.3.3}% 23
\BOOKMARK [3][-]{subsubsection.3.3.2}{\376\377\217\336\176\355\214\061}{subsection.3.3}% 24
\BOOKMARK [2][-]{subsection.3.4}{\376\377\136\177\116\111\176\337\213\241\213\340\221\312}{section.3}% 25
\BOOKMARK [2][-]{subsection.3.5}{\376\377\116\015\170\156\133\232\140\047\123\237\164\006}{section.3}% 26
\BOOKMARK [3][-]{subsubsection.3.5.1}{\376\377\147\000\134\017\116\015\170\156\133\232\154\342\123\005}{subsection.3.5}% 27
\BOOKMARK [3][-]{subsubsection.3.5.2}{\376\377\200\375\221\317\000-\145\366\225\364\116\015\170\156\133\232\123\237\164\006}{subsection.3.5}% 28
\BOOKMARK [2][-]{subsection.3.6}{\376\377\162\304\142\311\121\113\173\046\123\367}{section.3}% 29
\BOOKMARK [1][-]{section.4}{\376\377\116\011\176\364\172\172\225\364\116\055\166\204\221\317\133\120\122\233\133\146}{}% 30
\BOOKMARK [2][-]{subsection.4.1}{\376\377\164\003\127\120\150\007\116\013\166\204\205\233\133\232\214\024\145\271\172\013}{section.4}% 31
\BOOKMARK [3][-]{subsubsection.4.1.1}{\376\377\122\006\171\273\123\330\221\317\154\325}{subsection.4.1}% 32
\BOOKMARK [3][-]{subsubsection.4.1.2}{\376\377\211\322\122\250\221\317\145\271\172\013}{subsection.4.1}% 33
\BOOKMARK [3][-]{subsubsection.4.1.3}{\376\377\137\204\124\021\145\271\172\013}{subsection.4.1}% 34
\BOOKMARK [2][-]{subsection.4.2}{\376\377\154\042\123\237\133\120}{section.4}% 35
\BOOKMARK [3][-]{subsubsection.4.2.1}{\376\377\154\042\123\237\133\120\121\111\214\061}{subsection.4.2}% 36
\BOOKMARK [2][-]{subsection.4.3}{\376\377\211\322\122\250\221\317}{section.4}% 37
\BOOKMARK [3][-]{subsubsection.4.3.1}{\376\377\147\054\137\201\120\074}{subsection.4.3}% 38
\BOOKMARK [3][-]{subsubsection.4.3.2}{\376\377\147\054\137\201\121\375\145\160}{subsection.4.3}% 39
\BOOKMARK [2][-]{subsection.4.4}{\376\377\201\352\145\313}{section.4}% 40
\BOOKMARK [3][-]{subsubsection.4.4.1}{\376\377\201\352\145\313\000\040\000L\000g}{subsection.4.4}% 41
\BOOKMARK [3][-]{subsubsection.4.4.2}{\376\377\170\301\127\072\116\055\166\204\165\065\133\120}{subsection.4.4}% 42
\BOOKMARK [3][-]{subsubsection.4.4.3}{\376\377\211\322\122\250\221\317\166\204\123\340\122\240}{subsection.4.4}% 43
\BOOKMARK [1][-]{section.5}{\376\377\145\313\217\154\124\214\211\322\122\250\221\317\173\227\173\046}{}% 44
\BOOKMARK [2][-]{subsection.5.1}{\376\377\221\317\133\120\122\233\133\146\116\055\166\204\145\313\217\154}{section.5}% 45
\BOOKMARK [3][-]{subsubsection.5.1.1}{\376\377\145\340\172\167\134\017\145\313\217\154}{subsection.5.1}% 46
\BOOKMARK [3][-]{subsubsection.5.1.2}{\376\377\147\011\226\120\145\313\217\154}{subsection.5.1}% 47
\BOOKMARK [3][-]{subsubsection.5.1.3}{\376\377\153\047\142\311\145\313\217\154}{subsection.5.1}% 48
\BOOKMARK [3][-]{subsubsection.5.1.4}{\376\377\145\313\217\154\173\227\173\046\166\204\210\150\171\072}{subsection.5.1}% 49
\BOOKMARK [1][-]{section.6}{\376\377\116\015\124\053\145\366\137\256\142\160\164\006\213\272}{}% 50
\BOOKMARK [2][-]{subsection.6.1}{\376\377\116\000\202\054\121\154\137\017\210\150\171\072}{section.6}% 51
\BOOKMARK [3][-]{subsubsection.6.1.1}{\376\377\116\000\176\247\217\321\117\074\164\006\213\272}{subsection.6.1}% 52
\BOOKMARK [3][-]{subsubsection.6.1.2}{\376\377\116\214\176\247\200\375\221\317\117\356\153\143}{subsection.6.1}% 53
\BOOKMARK [2][-]{subsection.6.2}{\376\377\173\200\136\166\137\256\142\160\164\006\213\272}{section.6}% 54
\BOOKMARK [3][-]{subsubsection.6.2.1}{\376\377\116\214\221\315\173\200\136\166}{subsection.6.2}% 55
\BOOKMARK [3][-]{subsubsection.6.2.2}{\376\377\232\330\221\315\173\200\136\166}{subsection.6.2}% 56
\BOOKMARK [2][-]{subsection.6.3}{\376\377\154\042\123\237\133\120\166\204\174\276\176\306\176\323\147\204}{section.6}% 57
\BOOKMARK [3][-]{subsubsection.6.3.1}{\376\377\166\370\133\371\213\272\117\356\153\143}{subsection.6.3}% 58
\BOOKMARK [3][-]{subsubsection.6.3.2}{\376\377\201\352\145\313\000-\217\150\220\123\200\046\124\010}{subsection.6.3}% 59
\BOOKMARK [2][-]{subsection.6.4}{\376\377\130\136\146\374\145\110\136\224}{section.6}% 60
\BOOKMARK [3][-]{subsubsection.6.4.1}{\376\377\137\061\127\072\130\136\146\374\145\110\136\224}{subsection.6.4}% 61
\BOOKMARK [3][-]{subsubsection.6.4.2}{\376\377\137\072\127\072\130\136\146\374\145\110\136\224}{subsection.6.4}% 62
\BOOKMARK [2][-]{subsection.6.5}{\376\377\116\055\225\364\130\136\146\374\145\110\136\224\116\016\215\205\174\276\176\306\176\323\147\204}{section.6}% 63
\BOOKMARK [1][-]{section.7}{\376\377\124\053\145\366\137\256\142\160\213\272}{}% 64
\BOOKMARK [2][-]{subsection.7.1}{\376\377\116\044\200\375\176\247\117\123\174\373}{section.7}% 65
\BOOKMARK [3][-]{subsubsection.7.1.1}{\376\377\137\256\142\160\117\123\174\373}{subsection.7.1}% 66
\BOOKMARK [3][-]{subsubsection.7.1.2}{\376\377\124\053\145\366\137\256\142\160\213\272}{subsection.7.1}% 67
\BOOKMARK [3][-]{subsubsection.7.1.3}{\376\377\153\143\137\046\137\256\142\160}{subsection.7.1}% 68
\BOOKMARK [2][-]{subsection.7.2}{\376\377\217\220\134\004\166\204\123\321\134\004\116\016\124\070\145\066}{section.7}% 69
\BOOKMARK [3][-]{subsubsection.7.2.1}{\376\377\165\065\170\301\154\342}{subsection.7.2}% 70
\BOOKMARK [3][-]{subsubsection.7.2.2}{\376\377\124\070\145\066\060\001\123\327\157\300\123\321\134\004\124\214\201\352\123\321\123\321\134\004}{subsection.7.2}% 71
\BOOKMARK [3][-]{subsubsection.7.2.3}{\376\377\227\136\166\370\136\162\137\256\142\160}{subsection.7.2}% 72
\BOOKMARK [2][-]{subsection.7.3}{\376\377\201\352\123\321\123\321\134\004}{section.7}% 73
\BOOKMARK [3][-]{subsubsection.7.3.1}{\376\377\123\321\134\004\116\016\124\070\145\066\220\037\163\207}{subsection.7.3}% 74
\BOOKMARK [3][-]{subsubsection.7.3.2}{\376\377\157\300\123\321\140\001\133\377\124\175}{subsection.7.3}% 75
\BOOKMARK [3][-]{subsubsection.7.3.3}{\376\377\220\011\142\351\133\232\122\031}{subsection.7.3}% 76
